info it worked if it ends with ok
verbose cli [ 'node', '/usr/local/bin/npm', 'install', '-g', 'node-inspector' ]
info using npm@1.1.9
info using node@v0.6.13
verbose config file /Users/edro/.npmrc
verbose config file /usr/local/etc/npmrc
verbose config file /usr/local/lib/node_modules/npm/npmrc
verbose cache add [ 'node-inspector', null ]
silly cache add: name, spec, args [ undefined, 'node-inspector', [ 'node-inspector', null ] ]
verbose parsed url { pathname: 'node-inspector',
verbose parsed url   path: 'node-inspector',
verbose parsed url   href: 'node-inspector' }
verbose addNamed [ 'node-inspector', '' ]
verbose addNamed [ null, '' ]
silly name, range, hasData [ 'node-inspector', '', false ]
verbose raw, before any munging node-inspector
verbose url resolving [ 'https://registry.npmjs.org/', './node-inspector' ]
verbose url resolved https://registry.npmjs.org/node-inspector
http GET https://registry.npmjs.org/node-inspector
http 200 https://registry.npmjs.org/node-inspector
silly get cb [ 200,
silly get cb   { vary: 'Accept',
silly get cb     server: 'CouchDB/1.2.0 (Erlang OTP/R15B)',
silly get cb     etag: '"APU3VT6Z43RTVQFALL1NN988Z"',
silly get cb     date: 'Sun, 25 Nov 2012 14:36:31 GMT',
silly get cb     'content-type': 'application/json',
silly get cb     'content-length': '26560' } ]
verbose mkdir (expected) error ENOENT, stat '/Users/edro/.npm/node-inspector'
verbose mkdir done: /Users/edro/.npm/node-inspector 755
silly name, range, hasData 2 [ 'node-inspector', '', true ]
silly versions [ 'node-inspector',
silly versions   [ '0.0.1',
silly versions     '0.0.2',
silly versions     '0.0.3',
silly versions     '0.0.4',
silly versions     '0.1.0',
silly versions     '0.1.1',
silly versions     '0.1.2',
silly versions     '0.1.3',
silly versions     '0.1.4',
silly versions     '0.1.5',
silly versions     '0.1.6',
silly versions     '0.1.7',
silly versions     '0.1.8',
silly versions     '0.1.9',
silly versions     '0.1.10',
silly versions     '0.2.0beta1',
silly versions     '0.2.0beta2',
silly versions     '0.2.0beta3' ] ]
verbose bin dist [ '0.6-ares1.7.5-DEV-evundefined-openssl0.9.8r-v83.6.6.24-darwin-x64-12.2.0',
verbose bin dist   { shasum: '2adb552da7757ff3d4ec549f5570799355952d20',
verbose bin dist     tarball: 'http://registry.npmjs.org/node-inspector/-/node-inspector-0.2.0beta3.tgz' } ]
verbose addRemoteTarball [ 'https://registry.npmjs.org/node-inspector/-/node-inspector-0.2.0beta3.tgz',
verbose addRemoteTarball   '2adb552da7757ff3d4ec549f5570799355952d20' ]
verbose mkdir (expected) error ENOENT, stat '/var/folders/g7/xjpqthk12f37vwd0nyqykgxh0000gp/T/npm-1353854225711'
verbose mkdir (expected) error ENOENT, stat '/var/folders/g7/xjpqthk12f37vwd0nyqykgxh0000gp/T/npm-1353854225711/1353854225711-0.7064229028765112'
verbose mkdir done: /var/folders/g7/xjpqthk12f37vwd0nyqykgxh0000gp/T/npm-1353854225711/1353854225711-0.7064229028765112 755
verbose fetch to /var/folders/g7/xjpqthk12f37vwd0nyqykgxh0000gp/T/npm-1353854225711/1353854225711-0.7064229028765112/tmp.tgz
http GET https://registry.npmjs.org/node-inspector/-/node-inspector-0.2.0beta3.tgz
http 200 https://registry.npmjs.org/node-inspector/-/node-inspector-0.2.0beta3.tgz
silly updated sha bytes 40960
silly updated sha bytes 40960
silly updated sha bytes 40960
silly updated sha bytes 40960
silly updated sha bytes 40960
silly updated sha bytes 40960
silly updated sha bytes 40960
silly updated sha bytes 40960
silly updated sha bytes 40960
silly updated sha bytes 40960
silly updated sha bytes 40960
silly updated sha bytes 40960
silly updated sha bytes 40960
silly updated sha bytes 40960
silly updated sha bytes 40960
silly updated sha bytes 40960
silly updated sha bytes 26715
info shasum 2adb552da7757ff3d4ec549f5570799355952d20
info shasum /var/folders/g7/xjpqthk12f37vwd0nyqykgxh0000gp/T/npm-1353854225711/1353854225711-0.7064229028765112/tmp.tgz
verbose mkdir (expected) error ENOENT, stat '/var/folders/g7/xjpqthk12f37vwd0nyqykgxh0000gp/T/npm-1353854225711/1353854225711-0.7064229028765112/package'
verbose mkdir done: /var/folders/g7/xjpqthk12f37vwd0nyqykgxh0000gp/T/npm-1353854225711/1353854225711-0.7064229028765112/package 755
verbose unpack_ uid, gid [ undefined, undefined ]
verbose unpackTarget /var/folders/g7/xjpqthk12f37vwd0nyqykgxh0000gp/T/npm-1353854225711/1353854225711-0.7064229028765112/package
silly gunzTarPerm modes [ '755', '644' ]
verbose gunzed /var/folders/g7/xjpqthk12f37vwd0nyqykgxh0000gp/T/npm-1353854225711/1353854225711-0.7064229028765112/package
verbose caching /var/folders/g7/xjpqthk12f37vwd0nyqykgxh0000gp/T/npm-1353854225711/1353854225711-0.7064229028765112/package/package.json
verbose loadDefaults node-inspector@0.2.0beta3
verbose tarball contents [ 'package', 'tmp.tgz' ]
verbose from cache /var/folders/g7/xjpqthk12f37vwd0nyqykgxh0000gp/T/npm-1353854225711/1353854225711-0.7064229028765112/package/package.json
verbose pack /var/folders/g7/xjpqthk12f37vwd0nyqykgxh0000gp/T/npm-1353854225711/1353854225711-0.7064229028765112/package
verbose pack /var/folders/g7/xjpqthk12f37vwd0nyqykgxh0000gp/T/npm-1353854225711/1353854225711-0.7064229028765112/package /Users/edro/.npm/node-inspector/0.2.0beta3/package.tgz
silly makeList /var/folders/g7/xjpqthk12f37vwd0nyqykgxh0000gp/T/npm-1353854225711/1353854225711-0.7064229028765112/package
silly dir, dirLen [ '/var/folders/g7/xjpqthk12f37vwd0nyqykgxh0000gp/T/npm-1353854225711/1353854225711-0.7064229028765112/package',
silly dir, dirLen   108 ]
verbose tarball /Users/edro/.npm/node-inspector/0.2.0beta3/package.tgz
verbose parent /var/folders/g7/xjpqthk12f37vwd0nyqykgxh0000gp/T/npm-1353854225711/1353854225711-0.7064229028765112/package
verbose mkdir (expected) error ENOENT, stat '/Users/edro/.npm/node-inspector/0.2.0beta3/package'
verbose mkdir done: /Users/edro/.npm/node-inspector/0.2.0beta3/package 755
verbose unpack_ uid, gid [ undefined, undefined ]
verbose unpackTarget /Users/edro/.npm/node-inspector/0.2.0beta3/package
silly gunzTarPerm modes [ '755', '644' ]
verbose gunzed /Users/edro/.npm/node-inspector/0.2.0beta3/package
verbose caching /Users/edro/.npm/node-inspector/0.2.0beta3/package/package.json
verbose loadDefaults node-inspector@0.2.0beta3
silly updated sha bytes 40960
silly updated sha bytes 40960
silly updated sha bytes 40960
silly updated sha bytes 40960
silly updated sha bytes 40960
silly updated sha bytes 40960
silly updated sha bytes 40960
silly updated sha bytes 40960
silly updated sha bytes 40960
silly updated sha bytes 40960
silly updated sha bytes 40960
silly updated sha bytes 40960
silly updated sha bytes 40960
silly updated sha bytes 40960
silly updated sha bytes 40960
silly updated sha bytes 40960
silly updated sha bytes 28981
info shasum da3139151c1ad306581a94710672305de6aa0fcf
info shasum /Users/edro/.npm/node-inspector/0.2.0beta3/package.tgz
verbose from cache /Users/edro/.npm/node-inspector/0.2.0beta3/package/package.json
verbose chmod /Users/edro/.npm/node-inspector/0.2.0beta3/package.tgz 644
verbose chown [ '/Users/edro/.npm/node-inspector/0.2.0beta3/package.tgz',
verbose chown   502,
verbose chown   20 ]
silly resolved [ { name: 'node-inspector',
silly resolved     version: '0.2.0beta3',
silly resolved     description: 'Web Inspector based nodeJS debugger',
silly resolved     homepage: 'http://github.com/dannycoates/node-inspector',
silly resolved     author: { name: 'Danny Coates', email: 'dannycoates@gmail.com' },
silly resolved     keywords: [ 'debug', 'debugger', 'inspector', 'profiler' ],
silly resolved     repository: 
silly resolved      { type: 'git',
silly resolved        url: 'git://github.com/dannycoates/node-inspector.git' },
silly resolved     engines: { node: '>=0.6.0' },
silly resolved     bin: { 'node-inspector': './bin/inspector.js' },
silly resolved     dependencies: { 'socket.io': '~0.9', connect: '~1.8.5', async: '~0.1' },
silly resolved     preferGlobal: true,
silly resolved     _id: 'node-inspector@0.2.0beta3',
silly resolved     devDependencies: {},
silly resolved     optionalDependencies: {},
silly resolved     _engineSupported: true,
silly resolved     _npmVersion: '1.1.9',
silly resolved     _nodeVersion: 'v0.6.13',
silly resolved     _defaultsLoaded: true,
silly resolved     dist: { shasum: 'da3139151c1ad306581a94710672305de6aa0fcf' },
silly resolved     _from: 'node-inspector' } ]
info into /usr/local/lib node-inspector@0.2.0beta3
info installOne node-inspector@0.2.0beta3
verbose from cache /Users/edro/.npm/node-inspector/0.2.0beta3/package/package.json
info unbuild /usr/local/lib/node_modules/node-inspector
verbose mkdir (expected) error ENOENT, stat '/usr/local/lib/node_modules/node-inspector'
verbose unpack_ uid, gid [ undefined, undefined ]
verbose unpackTarget /usr/local/lib/node_modules/node-inspector
info unbuild /usr/local/lib/node_modules/node-inspector
ERR! Error: EACCES, mkdir '/usr/local/lib/node_modules/node-inspector'
ERR! 
ERR! Please try running this command again as root/Administrator.
ERR! 
ERR! System Darwin 12.2.0
ERR! command "node" "/usr/local/bin/npm" "install" "-g" "node-inspector"
ERR! cwd /Users/edro/Dropbox/improv/voting
ERR! node -v v0.6.13
ERR! npm -v 1.1.9
ERR! path /usr/local/lib/node_modules/node-inspector
ERR! code EACCES
ERR! message EACCES, mkdir '/usr/local/lib/node_modules/node-inspector'
ERR! errno {}
verbose exit [ 1, true ]
