Compiled jquery.js  (3ms)  (pid 54359)
Compiled jquery_ujs.js  (0ms)  (pid 54359)
Compiled jquery-ui.js  (6ms)  (pid 54359)
Compiled active_admin/application.js  (0ms)  (pid 54359)
Compiled active_admin/base.js  (69ms)  (pid 54359)
Compiled active_admin.js  (80ms)  (pid 54359)
Compiled games.js  (230ms)  (pid 54359)
Compiled invites.js  (201ms)  (pid 54359)
Compiled main.js  (197ms)  (pid 54359)
Compiled stories.js  (226ms)  (pid 54359)
Compiled teams.js  (187ms)  (pid 54359)
Compiled users.js  (200ms)  (pid 54359)
Compiled application.js  (1429ms)  (pid 54359)
Compiled active_admin.css  (1779ms)  (pid 54359)
Compiled invites.css  (2ms)  (pid 54359)
Compiled main.css  (9ms)  (pid 54359)
Compiled scaffolds.css  (29ms)  (pid 54359)
Compiled stories.css  (2ms)  (pid 54359)
Compiled users.css  (3ms)  (pid 54359)
Compiled application.css  (1881ms)  (pid 54359)
Compiled jquery.js  (3ms)  (pid 55116)
Compiled jquery_ujs.js  (1ms)  (pid 55116)
Compiled jquery-ui.js  (5ms)  (pid 55116)
Compiled active_admin/application.js  (0ms)  (pid 55116)
Compiled active_admin/base.js  (80ms)  (pid 55116)
Compiled active_admin.js  (98ms)  (pid 55116)
Compiled games.js  (213ms)  (pid 55116)
Compiled invites.js  (251ms)  (pid 55116)
Compiled main.js  (269ms)  (pid 55116)
Compiled stories.js  (249ms)  (pid 55116)
Compiled teams.js  (195ms)  (pid 55116)
Compiled users.js  (201ms)  (pid 55116)
Compiled application.js  (1612ms)  (pid 55116)
Compiled active_admin.css  (1884ms)  (pid 55116)
Compiled invites.css  (2ms)  (pid 55116)
Compiled main.css  (14ms)  (pid 55116)
Compiled scaffolds.css  (35ms)  (pid 55116)
Compiled stories.css  (2ms)  (pid 55116)
Compiled users.css  (3ms)  (pid 55116)
Compiled application.css  (2018ms)  (pid 55116)
Compiled jquery.js  (2ms)  (pid 55311)
Compiled jquery_ujs.js  (0ms)  (pid 55311)
Compiled jquery-ui.js  (5ms)  (pid 55311)
Compiled active_admin/application.js  (0ms)  (pid 55311)
Compiled active_admin/base.js  (81ms)  (pid 55311)
Compiled active_admin.js  (95ms)  (pid 55311)
Compiled games.js  (195ms)  (pid 55311)
Compiled invites.js  (212ms)  (pid 55311)
Compiled main.js  (199ms)  (pid 55311)
Compiled stories.js  (232ms)  (pid 55311)
Compiled teams.js  (177ms)  (pid 55311)
Compiled users.js  (198ms)  (pid 55311)
Compiled application.js  (1405ms)  (pid 55311)
Compiled active_admin.css  (1943ms)  (pid 55311)
Compiled invites.css  (2ms)  (pid 55311)
Compiled main.css  (9ms)  (pid 55311)
Compiled scaffolds.css  (41ms)  (pid 55311)
Compiled stories.css  (4ms)  (pid 55311)
Compiled users.css  (6ms)  (pid 55311)
Compiled application.css  (2066ms)  (pid 55311)
Compiled jquery.js  (3ms)  (pid 55554)
Compiled jquery_ujs.js  (0ms)  (pid 55554)
Compiled jquery-ui.js  (4ms)  (pid 55554)
Compiled active_admin/application.js  (0ms)  (pid 55554)
Compiled active_admin/base.js  (70ms)  (pid 55554)
Compiled active_admin.js  (86ms)  (pid 55554)
Compiled games.js  (206ms)  (pid 55554)
Compiled invites.js  (211ms)  (pid 55554)
Compiled main.js  (199ms)  (pid 55554)
Compiled stories.js  (238ms)  (pid 55554)
Compiled teams.js  (181ms)  (pid 55554)
Compiled users.js  (206ms)  (pid 55554)
Compiled application.js  (1435ms)  (pid 55554)
Compiled active_admin.css  (3083ms)  (pid 55554)
Compiled invites.css  (2ms)  (pid 55554)
Compiled main.css  (12ms)  (pid 55554)
Compiled scaffolds.css  (49ms)  (pid 55554)
Compiled stories.css  (2ms)  (pid 55554)
Compiled users.css  (3ms)  (pid 55554)
Compiled application.css  (3265ms)  (pid 55554)
Compiled jquery.js  (3ms)  (pid 55694)
Compiled jquery_ujs.js  (0ms)  (pid 55694)
Compiled jquery-ui.js  (4ms)  (pid 55694)
Compiled active_admin/application.js  (0ms)  (pid 55694)
Compiled active_admin/base.js  (74ms)  (pid 55694)
Compiled active_admin.js  (88ms)  (pid 55694)
Compiled games.js  (195ms)  (pid 55694)
Compiled invites.js  (210ms)  (pid 55694)
Compiled main.js  (200ms)  (pid 55694)
Compiled stories.js  (260ms)  (pid 55694)
Compiled teams.js  (192ms)  (pid 55694)
Compiled users.js  (198ms)  (pid 55694)
Compiled application.js  (1443ms)  (pid 55694)
Compiled active_admin.css  (1844ms)  (pid 55694)
Compiled invites.css  (5ms)  (pid 55694)
Compiled main.css  (9ms)  (pid 55694)
Compiled scaffolds.css  (32ms)  (pid 55694)
Compiled stories.css  (2ms)  (pid 55694)
Compiled users.css  (4ms)  (pid 55694)
Compiled application.css  (1955ms)  (pid 55694)
Compiled jquery.js  (5ms)  (pid 56421)
Compiled jquery_ujs.js  (0ms)  (pid 56421)
Compiled jquery-ui.js  (4ms)  (pid 56421)
Compiled active_admin/application.js  (0ms)  (pid 56421)
Compiled active_admin/base.js  (85ms)  (pid 56421)
Compiled active_admin.js  (121ms)  (pid 56421)
Compiled games.js  (276ms)  (pid 56421)
Compiled invites.js  (238ms)  (pid 56421)
Compiled main.js  (254ms)  (pid 56421)
Compiled stories.js  (366ms)  (pid 56421)
Compiled teams.js  (330ms)  (pid 56421)
Compiled users.js  (317ms)  (pid 56421)
Compiled application.js  (2073ms)  (pid 56421)
Compiled active_admin.css  (2625ms)  (pid 56421)
Compiled invites.css  (2ms)  (pid 56421)
Compiled main.css  (13ms)  (pid 56421)
Compiled scaffolds.css  (65ms)  (pid 56421)
Compiled stories.css  (2ms)  (pid 56421)
Compiled users.css  (4ms)  (pid 56421)
Compiled application.css  (2839ms)  (pid 56421)
Compiled jquery.js  (3ms)  (pid 56603)
Compiled jquery_ujs.js  (0ms)  (pid 56603)
Compiled jquery-ui.js  (11ms)  (pid 56603)
Compiled active_admin/application.js  (0ms)  (pid 56603)
Compiled active_admin/base.js  (184ms)  (pid 56603)
Compiled active_admin.js  (210ms)  (pid 56603)
Compiled games.js  (382ms)  (pid 56603)
Compiled invites.js  (359ms)  (pid 56603)
Compiled main.js  (359ms)  (pid 56603)
Compiled stories.js  (347ms)  (pid 56603)
Compiled teams.js  (330ms)  (pid 56603)
Compiled users.js  (315ms)  (pid 56603)
Compiled application.js  (2539ms)  (pid 56603)
Compiled active_admin.css  (2996ms)  (pid 56603)
Compiled invites.css  (2ms)  (pid 56603)
Compiled main.css  (27ms)  (pid 56603)
Compiled scaffolds.css  (48ms)  (pid 56603)
Compiled stories.css  (2ms)  (pid 56603)
Compiled users.css  (26ms)  (pid 56603)
Compiled application.css  (3216ms)  (pid 56603)
Compiled jquery.js  (3ms)  (pid 56771)
Compiled jquery_ujs.js  (0ms)  (pid 56771)
Compiled jquery-ui.js  (11ms)  (pid 56771)
Compiled active_admin/application.js  (2ms)  (pid 56771)
Compiled active_admin/base.js  (108ms)  (pid 56771)
Compiled active_admin.js  (157ms)  (pid 56771)
Compiled games.js  (293ms)  (pid 56771)
Compiled invites.js  (264ms)  (pid 56771)
Compiled main.js  (322ms)  (pid 56771)
Compiled stories.js  (322ms)  (pid 56771)
Compiled teams.js  (239ms)  (pid 56771)
Compiled users.js  (247ms)  (pid 56771)
Compiled application.js  (2047ms)  (pid 56771)
Compiled active_admin.css  (2625ms)  (pid 56771)
Compiled invites.css  (16ms)  (pid 56771)
Compiled main.css  (28ms)  (pid 56771)
Compiled scaffolds.css  (39ms)  (pid 56771)
Compiled stories.css  (2ms)  (pid 56771)
Compiled users.css  (3ms)  (pid 56771)
Compiled application.css  (2806ms)  (pid 56771)
Compiled jquery.js  (5ms)  (pid 59077)
Compiled jquery_ujs.js  (0ms)  (pid 59077)
Compiled jquery-ui.js  (4ms)  (pid 59077)
Compiled active_admin/application.js  (0ms)  (pid 59077)
Compiled active_admin/base.js  (138ms)  (pid 59077)
Compiled active_admin.js  (164ms)  (pid 59077)
Compiled games.js  (324ms)  (pid 59077)
Compiled invites.js  (312ms)  (pid 59077)
Compiled main.js  (269ms)  (pid 59077)
Compiled stories.js  (332ms)  (pid 59077)
Compiled teams.js  (285ms)  (pid 59077)
Compiled users.js  (303ms)  (pid 59077)
Compiled application.js  (2172ms)  (pid 59077)
Compiled active_admin.css  (2363ms)  (pid 59077)
Compiled invites.css  (5ms)  (pid 59077)
Compiled main.css  (23ms)  (pid 59077)
Compiled scaffolds.css  (69ms)  (pid 59077)
Compiled stories.css  (2ms)  (pid 59077)
Compiled users.css  (14ms)  (pid 59077)
Compiled application.css  (2581ms)  (pid 59077)
